2017-02-17 04:17:54 info Info message
2017-02-17 04:17:54 alert Alert message
2017-02-17 04:17:54 error Error message
2017-02-17 04:17:54 debug Debug message
2017-02-17 04:17:54 notice Notice message
2017-02-17 04:17:54 warning Warning message
2017-02-17 04:17:54 critical Critical message
2017-02-17 04:17:54 emergency Emergency message
2017-02-17 04:18:55 info Info message
2017-02-17 04:18:55 alert Alert message
2017-02-17 04:18:55 error Error message
2017-02-17 04:18:55 debug Debug message
2017-02-17 04:18:55 notice Notice message
2017-02-17 04:18:55 warning Warning message
2017-02-17 04:18:56 critical Critical message
2017-02-17 04:18:56 emergency Emergency message
2017-02-17 16:19:34 info Info message
2017-02-17 16:19:34 alert Alert message
2017-02-17 16:19:34 error Error message
2017-02-17 16:19:34 debug Debug message
2017-02-17 16:19:34 notice Notice message
2017-02-17 16:19:34 warning Warning message
2017-02-17 16:19:34 critical Critical message
2017-02-17 16:19:34 emergency Emergency message
2017-02-17 16:26:36 info Info message
2017-02-17 16:26:37 alert Alert message
2017-02-17 16:26:37 error Error message
2017-02-17 16:26:37 debug Debug message
2017-02-17 16:26:37 notice Notice message
2017-02-17 16:26:37 warning Warning message
2017-02-17 16:26:37 critical Critical message
2017-02-17 16:26:37 emergency Emergency message
2017-02-17 16:27:01 info Info message
2017-02-17 16:27:01 alert Alert message
2017-02-17 16:27:01 error Error message
2017-02-17 16:27:01 debug Debug message
2017-02-17 16:27:01 notice Notice message
2017-02-17 16:27:01 warning Warning message
2017-02-17 16:27:01 critical Critical message
2017-02-17 16:27:01 emergency Emergency message
2017-02-17 16:28:06 info Info message
2017-02-17 16:28:06 alert Alert message
2017-02-17 16:28:06 error Error message
2017-02-17 16:28:07 debug Debug message
2017-02-17 16:28:07 notice Notice message
2017-02-17 16:28:07 warning Warning message
2017-02-17 16:28:07 critical Critical message
2017-02-17 16:28:07 emergency Emergency message
2017-02-17 16:31:31 info Info message
2017-02-17 16:31:31 alert Alert message
2017-02-17 16:31:31 error Error message
2017-02-17 16:31:31 debug Debug message
2017-02-17 16:31:31 notice Notice message
2017-02-17 16:31:31 warning Warning message
2017-02-17 16:31:31 critical Critical message
2017-02-17 16:31:31 emergency Emergency message
2017-02-17 16:39:08 info Info message
2017-02-17 16:39:08 alert Alert message
2017-02-17 16:39:08 error Error message
2017-02-17 16:39:08 debug Debug message
2017-02-17 16:39:08 notice Notice message
2017-02-17 16:39:08 warning Warning message
2017-02-17 16:39:08 critical Critical message
2017-02-17 16:39:08 emergency Emergency message
2017-02-17 16:42:49 info Info message
2017-02-17 16:42:49 alert Alert message
2017-02-17 16:42:49 error Error message
2017-02-17 16:42:49 debug Debug message
2017-02-17 16:42:49 notice Notice message
2017-02-17 16:42:49 warning Warning message
2017-02-17 16:42:49 critical Critical message
2017-02-17 16:42:49 emergency Emergency message
2017-02-17 16:43:52 info Info message
2017-02-17 16:43:52 alert Alert message
2017-02-17 16:43:52 error Error message
2017-02-17 16:43:52 debug Debug message
2017-02-17 16:43:52 notice Notice message
2017-02-17 16:43:52 warning Warning message
2017-02-17 16:43:52 critical Critical message
2017-02-17 16:43:52 emergency Emergency message
2017-02-17 16:45:07 info Info message
2017-02-17 16:45:07 alert Alert message
2017-02-17 16:45:07 error Error message
2017-02-17 16:45:07 debug Debug message
2017-02-17 16:45:07 notice Notice message
2017-02-17 16:45:07 warning Warning message
2017-02-17 16:45:07 critical Critical message
2017-02-17 16:45:07 emergency Emergency message
